<?xml version="1.0" encoding="UTF-8"?>
<!-- Generated by org.testng.reporters.JUnitXMLReporter -->
<testsuite ignored="0" hostname="TF-250821155108" failures="8" tests="17" name="API" time="95.56" errors="0" timestamp="2025-10-28T12:10:44 IST">
  <testcase classname="com.example.projects.poc.grpc.AllureIntegrationTest" name="verifyAllureSetup" time="0.106"/>
  <testcase classname="com.example.projects.poc.grpc.GrpcCallReplicationTest" name="replicateAcquisitionLifecycle" time="20.354">
    <failure type="java.lang.AssertionError" message="❌ Expected at least one SequenceStatus SSE event. Received 0 total events. expected [true] but found [false]">
      <![CDATA[java.lang.AssertionError: ❌ Expected at least one SequenceStatus SSE event. Received 0 total events. expected [true] but found [false]
at com.example.projects.poc.grpc.GrpcCallReplicationTest.validateSseEventTypes(GrpcCallReplicationTest.java:311)
at com.example.projects.poc.grpc.GrpcCallReplicationTest.replicateAcquisitionLifecycle(GrpcCallReplicationTest.java:216)
at java.base/java.util.ArrayList.forEach(ArrayList.java:1596)
... Removed 31 stack frames]]>
    </failure>
  </testcase> <!-- replicateAcquisitionLifecycle -->
  <testcase classname="com.example.projects.poc.grpc.MockAcquisitionServiceTest" name="replicateLifecycleWithoutSse" time="0.018">
    <failure type="io.grpc.StatusRuntimeException" message="UNAVAILABLE: io exception">
      <![CDATA[io.grpc.StatusRuntimeException: UNAVAILABLE: io exception
at io.grpc.stub.ClientCalls.toStatusRuntimeException(ClientCalls.java:368)
at io.grpc.stub.ClientCalls.getUnchecked(ClientCalls.java:349)
at io.grpc.stub.ClientCalls.blockingUnaryCall(ClientCalls.java:174)
at ThermoFisher.AcquisitionModule.Contracts.AcquisitionGrpc$AcquisitionBlockingStub.sequenceStateEvent(AcquisitionGrpc.java:383)
at com.example.projects.poc.grpc.MockAcquisitionServiceTest.seq(MockAcquisitionServiceTest.java:90)
at com.example.projects.poc.grpc.MockAcquisitionServiceTest.replicateLifecycleWithoutSse(MockAcquisitionServiceTest.java:50)
at java.base/java.util.ArrayList.forEach(ArrayList.java:1596)
Caused by: io.grpc.netty.shaded.io.netty.channel.AbstractChannel$AnnotatedConnectException: Connection refused: getsockopt: localhost/[0:0:0:0:0:0:0:1]:50051
Caused by: java.net.ConnectException: Connection refused: getsockopt
at java.base/sun.nio.ch.Net.pollConnect(Native Method)
at java.base/sun.nio.ch.Net.pollConnectNow(Net.java:682)
at java.base/sun.nio.ch.SocketChannelImpl.finishConnect(SocketChannelImpl.java:973)
at io.grpc.netty.shaded.io.netty.channel.socket.nio.NioSocketChannel.doFinishConnect(NioSocketChannel.java:336)
at io.grpc.netty.shaded.io.netty.channel.nio.AbstractNioChannel$AbstractNioUnsafe.finishConnect(AbstractNioChannel.java:339)
at io.grpc.netty.shaded.io.netty.channel.nio.NioEventLoop.processSelectedKey(NioEventLoop.java:784)
at io.grpc.netty.shaded.io.netty.channel.nio.NioEventLoop.processSelectedKeysOptimized(NioEventLoop.java:732)
at io.grpc.netty.shaded.io.netty.channel.nio.NioEventLoop.processSelectedKeys(NioEventLoop.java:658)
at io.grpc.netty.shaded.io.netty.channel.nio.NioEventLoop.run(NioEventLoop.java:562)
at io.grpc.netty.shaded.io.netty.util.concurrent.SingleThreadEventExecutor$4.run(SingleThreadEventExecutor.java:998)
at io.grpc.netty.shaded.io.netty.util.internal.ThreadExecutorMap$2.run(ThreadExecutorMap.java:74)
at io.grpc.netty.shaded.io.netty.util.concurrent.FastThreadLocalRunnable.run(FastThreadLocalRunnable.java:30)
at java.base/java.lang.Thread.run(Thread.java:1583)
... Removed 28 stack frames]]>
    </failure>
  </testcase> <!-- replicateLifecycleWithoutSse -->
  <testcase classname="com.example.projects.poc.integration.RestSubmitSequenceStreamTest" name="restSubmitSequenceEmitsSequenceReplyStream" time="3.99">
    <failure type="java.lang.AssertionError" message="Expected at least one PlotDataResponse from streamSparklineData (after plaintext + optional TLS retry) expected [false] but found [true]">
      <![CDATA[java.lang.AssertionError: Expected at least one PlotDataResponse from streamSparklineData (after plaintext + optional TLS retry) expected [false] but found [true]
at com.example.projects.poc.integration.RestSubmitSequenceStreamTest.restSubmitSequenceEmitsSequenceReplyStream(RestSubmitSequenceStreamTest.java:199)
at java.base/java.util.ArrayList.forEach(ArrayList.java:1596)
... Removed 31 stack frames]]>
    </failure>
  </testcase> <!-- restSubmitSequenceEmitsSequenceReplyStream -->
  <testcase classname="com.example.projects.poc.grpc.OpalGrpcTest" name="testSubmitSampleStream" time="0.025">
    <failure type="io.grpc.StatusRuntimeException" message="UNAVAILABLE: Network closed for unknown reason">
      <![CDATA[io.grpc.StatusRuntimeException: UNAVAILABLE: Network closed for unknown reason
at io.grpc.Status.asRuntimeException(Status.java:532)
at io.grpc.stub.ClientCalls$BlockingResponseStream.hasNext(ClientCalls.java:731)
at com.example.projects.poc.grpc.OpalGrpcTest.testSubmitSampleStream(OpalGrpcTest.java:27)
at java.base/java.util.ArrayList.forEach(ArrayList.java:1596)
... Removed 28 stack frames]]>
    </failure>
  </testcase> <!-- testSubmitSampleStream -->
  <testcase classname="com.example.projects.poc.rest.OpalRestApiTest" name="testSseAfterRestCall" time="22.057"/>
  <testcase classname="com.example.projects.poc.rest.OpalRestApiTest" name="testSseAfterRestPost" time="22.061"/>
  <testcase classname="com.example.projects.poc.rest.OpalRestApiTest" name="testSseWithEventSourceAndOkHttp" time="20.032"/>
  <testcase classname="com.example.projects.poc.rest.OpalRestApiTest" name="testSseWithEventSourceAndRestAssured" time="0.911">
    <failure type="org.codehaus.groovy.runtime.typehandling.GroovyCastException" message="Cannot cast object &amp;apos;org.apache.http.impl.client.InternalHttpClient@62525579&amp;apos; with class &amp;apos;org.apache.http.impl.client.InternalHttpClient&amp;apos; to class &amp;apos;org.apache.http.impl.client.AbstractHttpClient&amp;apos;">
      <![CDATA[org.codehaus.groovy.runtime.typehandling.GroovyCastException: Cannot cast object 'org.apache.http.impl.client.InternalHttpClient@62525579' with class 'org.apache.http.impl.client.InternalHttpClient' to class 'org.apache.http.impl.client.AbstractHttpClient'
at org.codehaus.groovy.runtime.typehandling.DefaultTypeTransformation.continueCastOnSAM(DefaultTypeTransformation.java:415)
at org.codehaus.groovy.runtime.typehandling.DefaultTypeTransformation.continueCastOnNumber(DefaultTypeTransformation.java:326)
at org.codehaus.groovy.runtime.typehandling.DefaultTypeTransformation.castToType(DefaultTypeTransformation.java:244)
at org.codehaus.groovy.runtime.ScriptBytecodeAdapter.castToType(ScriptBytecodeAdapter.java:621)
at io.restassured.internal.RequestSpecificationImpl.applyPathParamsAndSendRequest(RequestSpecificationImpl.groovy:1703)
at io.restassured.internal.RequestSpecificationImpl.this$2$applyPathParamsAndSendRequest(RequestSpecificationImpl.groovy)
at groovy.lang.MetaMethod.doMethodInvoke(MetaMethod.java:328)
at groovy.lang.MetaClassImpl.doInvokeMethod(MetaClassImpl.java:1333)
at groovy.lang.MetaClassImpl.invokeMethod(MetaClassImpl.java:1088)
at groovy.lang.MetaClassImpl.invokeMethod(MetaClassImpl.java:1007)
at groovy.lang.MetaClassImpl.invokeMethod(MetaClassImpl.java:790)
at io.restassured.internal.RequestSpecificationImpl.invokeMethod(RequestSpecificationImpl.groovy)
at org.codehaus.groovy.runtime.callsite.PogoInterceptableSite.call(PogoInterceptableSite.java:46)
at org.codehaus.groovy.runtime.callsite.PogoInterceptableSite.callCurrent(PogoInterceptableSite.java:57)
at org.codehaus.groovy.runtime.callsite.CallSiteArray.defaultCallCurrent(CallSiteArray.java:49)
at org.codehaus.groovy.runtime.callsite.AbstractCallSite.callCurrent(AbstractCallSite.java:171)
at org.codehaus.groovy.runtime.callsite.AbstractCallSite.callCurrent(AbstractCallSite.java:203)
at io.restassured.internal.RequestSpecificationImpl.applyPathParamsAndSendRequest(RequestSpecificationImpl.groovy:1710)
at io.restassured.internal.RequestSpecificationImpl.this$2$applyPathParamsAndSendRequest(RequestSpecificationImpl.groovy)
at groovy.lang.MetaMethod.doMethodInvoke(MetaMethod.java:328)
at groovy.lang.MetaClassImpl.doInvokeMethod(MetaClassImpl.java:1333)
at groovy.lang.MetaClassImpl.invokeMethod(MetaClassImpl.java:1088)
at groovy.lang.MetaClassImpl.invokeMethod(MetaClassImpl.java:1007)
at groovy.lang.MetaClassImpl.invokeMethod(MetaClassImpl.java:790)
at io.restassured.internal.RequestSpecificationImpl.invokeMethod(RequestSpecificationImpl.groovy)
at org.codehaus.groovy.runtime.callsite.PogoInterceptableSite.call(PogoInterceptableSite.java:46)
at org.codehaus.groovy.runtime.callsite.PogoInterceptableSite.callCurrent(PogoInterceptableSite.java:57)
at org.codehaus.groovy.runtime.callsite.CallSiteArray.defaultCallCurrent(CallSiteArray.java:49)
at org.codehaus.groovy.runtime.callsite.AbstractCallSite.callCurrent(AbstractCallSite.java:171)
at org.codehaus.groovy.runtime.callsite.AbstractCallSite.callCurrent(AbstractCallSite.java:203)
at io.restassured.internal.RequestSpecificationImpl.post(RequestSpecificationImpl.groovy:176)
at io.restassured.internal.RequestSpecificationImpl.post(RequestSpecificationImpl.groovy)
at com.example.projects.poc.rest.OpalRestApiTest.testSseWithEventSourceAndRestAssured(OpalRestApiTest.java:203)
at java.base/java.util.ArrayList.forEach(ArrayList.java:1596)
... Removed 34 stack frames]]>
    </failure>
  </testcase> <!-- testSseWithEventSourceAndRestAssured -->
  <testcase classname="com.example.projects.poc.rest.OpalRestApiTest" name="testSubmitSampleWithOkHttp" time="0.01"/>
  <testcase classname="com.example.projects.poc.rest.OpalRestApiTest" name="testSubmitSampleWithRestAssured" time="0.004">
    <failure type="org.codehaus.groovy.runtime.typehandling.GroovyCastException" message="Cannot cast object &amp;apos;org.apache.http.impl.client.InternalHttpClient@62525579&amp;apos; with class &amp;apos;org.apache.http.impl.client.InternalHttpClient&amp;apos; to class &amp;apos;org.apache.http.impl.client.AbstractHttpClient&amp;apos;">
      <![CDATA[org.codehaus.groovy.runtime.typehandling.GroovyCastException: Cannot cast object 'org.apache.http.impl.client.InternalHttpClient@62525579' with class 'org.apache.http.impl.client.InternalHttpClient' to class 'org.apache.http.impl.client.AbstractHttpClient'
at org.codehaus.groovy.runtime.typehandling.DefaultTypeTransformation.continueCastOnSAM(DefaultTypeTransformation.java:415)
at org.codehaus.groovy.runtime.typehandling.DefaultTypeTransformation.continueCastOnNumber(DefaultTypeTransformation.java:326)
at org.codehaus.groovy.runtime.typehandling.DefaultTypeTransformation.castToType(DefaultTypeTransformation.java:244)
at org.codehaus.groovy.runtime.ScriptBytecodeAdapter.castToType(ScriptBytecodeAdapter.java:621)
at io.restassured.internal.RequestSpecificationImpl.applyPathParamsAndSendRequest(RequestSpecificationImpl.groovy:1703)
at io.restassured.internal.RequestSpecificationImpl.this$2$applyPathParamsAndSendRequest(RequestSpecificationImpl.groovy)
at groovy.lang.MetaMethod.doMethodInvoke(MetaMethod.java:328)
at groovy.lang.MetaClassImpl.doInvokeMethod(MetaClassImpl.java:1333)
at groovy.lang.MetaClassImpl.invokeMethod(MetaClassImpl.java:1088)
at groovy.lang.MetaClassImpl.invokeMethod(MetaClassImpl.java:1007)
at groovy.lang.MetaClassImpl.invokeMethod(MetaClassImpl.java:790)
at io.restassured.internal.RequestSpecificationImpl.invokeMethod(RequestSpecificationImpl.groovy)
at org.codehaus.groovy.runtime.callsite.PogoInterceptableSite.call(PogoInterceptableSite.java:46)
at org.codehaus.groovy.runtime.callsite.PogoInterceptableSite.callCurrent(PogoInterceptableSite.java:57)
at org.codehaus.groovy.runtime.callsite.AbstractCallSite.callCurrent(AbstractCallSite.java:203)
at io.restassured.internal.RequestSpecificationImpl.applyPathParamsAndSendRequest(RequestSpecificationImpl.groovy:1710)
at io.restassured.internal.RequestSpecificationImpl.this$2$applyPathParamsAndSendRequest(RequestSpecificationImpl.groovy)
at groovy.lang.MetaMethod.doMethodInvoke(MetaMethod.java:328)
at groovy.lang.MetaClassImpl.doInvokeMethod(MetaClassImpl.java:1333)
at groovy.lang.MetaClassImpl.invokeMethod(MetaClassImpl.java:1088)
at groovy.lang.MetaClassImpl.invokeMethod(MetaClassImpl.java:1007)
at groovy.lang.MetaClassImpl.invokeMethod(MetaClassImpl.java:790)
at io.restassured.internal.RequestSpecificationImpl.invokeMethod(RequestSpecificationImpl.groovy)
at org.codehaus.groovy.runtime.callsite.PogoInterceptableSite.call(PogoInterceptableSite.java:46)
at org.codehaus.groovy.runtime.callsite.PogoInterceptableSite.callCurrent(PogoInterceptableSite.java:57)
at org.codehaus.groovy.runtime.callsite.AbstractCallSite.callCurrent(AbstractCallSite.java:203)
at io.restassured.internal.RequestSpecificationImpl.post(RequestSpecificationImpl.groovy:176)
at io.restassured.internal.RequestSpecificationImpl.post(RequestSpecificationImpl.groovy)
at com.example.projects.poc.rest.OpalRestApiTest.testSubmitSampleWithRestAssured(OpalRestApiTest.java:321)
at java.base/java.util.ArrayList.forEach(ArrayList.java:1596)
... Removed 34 stack frames]]>
    </failure>
  </testcase> <!-- testSubmitSampleWithRestAssured -->
  <testcase classname="com.example.projects.poc.grpc.OpalIntegrationWorkflowTest" name="testDeviceStateEventIntegration" time="0.003">
    <failure type="io.grpc.StatusRuntimeException" message="UNAVAILABLE: io exception">
      <![CDATA[io.grpc.StatusRuntimeException: UNAVAILABLE: io exception
at io.grpc.stub.ClientCalls.toStatusRuntimeException(ClientCalls.java:368)
at io.grpc.stub.ClientCalls.getUnchecked(ClientCalls.java:349)
at io.grpc.stub.ClientCalls.blockingUnaryCall(ClientCalls.java:174)
at ThermoFisher.AcquisitionModule.Contracts.AcquisitionGrpc$AcquisitionBlockingStub.deviceStateEvent(AcquisitionGrpc.java:397)
at com.example.projects.poc.grpc.OpalIntegrationWorkflowTest.testDeviceStateEventIntegration(OpalIntegrationWorkflowTest.java:25)
at java.base/java.util.ArrayList.forEach(ArrayList.java:1596)
Caused by: io.grpc.netty.shaded.io.netty.channel.AbstractChannel$AnnotatedConnectException: Connection refused: getsockopt: localhost/[0:0:0:0:0:0:0:1]:50051
Caused by: java.net.ConnectException: Connection refused: getsockopt
at java.base/sun.nio.ch.Net.pollConnect(Native Method)
at java.base/sun.nio.ch.Net.pollConnectNow(Net.java:682)
at java.base/sun.nio.ch.SocketChannelImpl.finishConnect(SocketChannelImpl.java:973)
at io.grpc.netty.shaded.io.netty.channel.socket.nio.NioSocketChannel.doFinishConnect(NioSocketChannel.java:336)
at io.grpc.netty.shaded.io.netty.channel.nio.AbstractNioChannel$AbstractNioUnsafe.finishConnect(AbstractNioChannel.java:339)
at io.grpc.netty.shaded.io.netty.channel.nio.NioEventLoop.processSelectedKey(NioEventLoop.java:784)
at io.grpc.netty.shaded.io.netty.channel.nio.NioEventLoop.processSelectedKeysOptimized(NioEventLoop.java:732)
at io.grpc.netty.shaded.io.netty.channel.nio.NioEventLoop.processSelectedKeys(NioEventLoop.java:658)
at io.grpc.netty.shaded.io.netty.channel.nio.NioEventLoop.run(NioEventLoop.java:562)
at io.grpc.netty.shaded.io.netty.util.concurrent.SingleThreadEventExecutor$4.run(SingleThreadEventExecutor.java:998)
at io.grpc.netty.shaded.io.netty.util.internal.ThreadExecutorMap$2.run(ThreadExecutorMap.java:74)
at io.grpc.netty.shaded.io.netty.util.concurrent.FastThreadLocalRunnable.run(FastThreadLocalRunnable.java:30)
at java.base/java.lang.Thread.run(Thread.java:1583)
... Removed 28 stack frames]]>
    </failure>
  </testcase> <!-- testDeviceStateEventIntegration -->
  <testcase classname="com.example.projects.poc.grpc.RawDataAccessServiceTest" name="testUploadChromatogramSvgData" time="0.068"/>
  <testcase classname="com.example.projects.poc.grpc.RawDataAccessServiceTest" name="testUploadSparklineData" time="2.866"/>
  <testcase classname="com.example.projects.poc.grpc.RealTimePlotServiceIntegrationTest" name="testUploadSparklineData" time="0.008">
    <failure type="io.grpc.StatusRuntimeException" message="UNAVAILABLE: io exception">
      <![CDATA[io.grpc.StatusRuntimeException: UNAVAILABLE: io exception
at io.grpc.stub.ClientCalls.toStatusRuntimeException(ClientCalls.java:368)
at io.grpc.stub.ClientCalls.getUnchecked(ClientCalls.java:349)
at io.grpc.stub.ClientCalls.blockingUnaryCall(ClientCalls.java:174)
at ThermoFisher.AcquisitionModule.Contracts.RealTimePlotServiceGrpc$RealTimePlotServiceBlockingStub.uploadSparklineData(RealTimePlotServiceGrpc.java:359)
at com.example.projects.poc.grpc.RealTimePlotServiceIntegrationTest.testUploadSparklineData(RealTimePlotServiceIntegrationTest.java:25)
at java.base/java.util.ArrayList.forEach(ArrayList.java:1596)
Caused by: io.grpc.netty.shaded.io.netty.channel.AbstractChannel$AnnotatedConnectException: Connection refused: getsockopt: localhost/[0:0:0:0:0:0:0:1]:50051
Caused by: java.net.ConnectException: Connection refused: getsockopt
at java.base/sun.nio.ch.Net.pollConnect(Native Method)
at java.base/sun.nio.ch.Net.pollConnectNow(Net.java:682)
at java.base/sun.nio.ch.SocketChannelImpl.finishConnect(SocketChannelImpl.java:973)
at io.grpc.netty.shaded.io.netty.channel.socket.nio.NioSocketChannel.doFinishConnect(NioSocketChannel.java:336)
at io.grpc.netty.shaded.io.netty.channel.nio.AbstractNioChannel$AbstractNioUnsafe.finishConnect(AbstractNioChannel.java:339)
at io.grpc.netty.shaded.io.netty.channel.nio.NioEventLoop.processSelectedKey(NioEventLoop.java:784)
at io.grpc.netty.shaded.io.netty.channel.nio.NioEventLoop.processSelectedKeysOptimized(NioEventLoop.java:732)
at io.grpc.netty.shaded.io.netty.channel.nio.NioEventLoop.processSelectedKeys(NioEventLoop.java:658)
at io.grpc.netty.shaded.io.netty.channel.nio.NioEventLoop.run(NioEventLoop.java:562)
at io.grpc.netty.shaded.io.netty.util.concurrent.SingleThreadEventExecutor$4.run(SingleThreadEventExecutor.java:998)
at io.grpc.netty.shaded.io.netty.util.internal.ThreadExecutorMap$2.run(ThreadExecutorMap.java:74)
at io.grpc.netty.shaded.io.netty.util.concurrent.FastThreadLocalRunnable.run(FastThreadLocalRunnable.java:30)
at java.base/java.lang.Thread.run(Thread.java:1583)
... Removed 28 stack frames]]>
    </failure>
  </testcase> <!-- testUploadSparklineData -->
  <testcase classname="com.example.projects.poc.grpc.RealTimePlotSseIntegrationTest" name="testUploadChromatogramDataProducesSseEvent" time="0.422"/>
  <testcase classname="com.example.projects.poc.grpc.RealTimePlotSseIntegrationTest" name="testUploadSparklineDataProducesSseEvent" time="2.298"/>
</testsuite> <!-- API -->
