<?xml version="1.0" encoding="UTF-8"?>
<!-- Generated by org.testng.reporters.JUnitReportReporter -->
<testsuite hostname="TF-250821155108" failures="0" tests="1" name="com.example.projects.poc.grpc.SubmitSampleStreamRestTriggerTest" time="12.301" errors="0" timestamp="2025-10-31T12:15:32 IST" skipped="0">
  <testcase classname="com.example.projects.poc.grpc.SubmitSampleStreamRestTriggerTest" name="testSubmitSampleStreamTriggeredByRestPost" time="12.301"/>
</testsuite> <!-- com.example.projects.poc.grpc.SubmitSampleStreamRestTriggerTest -->
