<?xml version="1.0" encoding="UTF-8"?>
<!-- Generated by org.testng.reporters.JUnitReportReporter -->
<testsuite hostname="TF-250821155108" failures="0" tests="2" name="com.example.projects.poc.grpc.RealTimePlotSseIntegrationTest" time="2.720" errors="0" timestamp="2025-10-28T12:10:45 IST" skipped="0">
  <testcase classname="com.example.projects.poc.grpc.RealTimePlotSseIntegrationTest" name="testUploadChromatogramDataProducesSseEvent" time="0.422"/>
  <testcase classname="com.example.projects.poc.grpc.RealTimePlotSseIntegrationTest" name="testUploadSparklineDataProducesSseEvent" time="2.298"/>
</testsuite> <!-- com.example.projects.poc.grpc.RealTimePlotSseIntegrationTest -->
