<?xml version="1.0" encoding="UTF-8"?>
<!-- Generated by org.testng.reporters.JUnitReportReporter -->
<testsuite hostname="TF-250821155108" failures="0" tests="1" name="com.example.projects.poc.grpc.StreamSparklineDataRestTriggerTest" time="13.217" errors="0" timestamp="2025-10-31T12:53:31 IST" skipped="0">
  <testcase classname="com.example.projects.poc.grpc.StreamSparklineDataRestTriggerTest" name="testStreamSparklineDataTriggeredByRestPost" time="13.217"/>
</testsuite> <!-- com.example.projects.poc.grpc.StreamSparklineDataRestTriggerTest -->
