-------------------------------------------------------------------------------
Test set: com.example.projects.poc.grpc.GrpcCallReplicationTest
-------------------------------------------------------------------------------
Tests run: 1, Failures: 1, Errors: 0, Skipped: 0, Time elapsed: 20.629 s <<< FAILURE! - in com.example.projects.poc.grpc.GrpcCallReplicationTest
replicateAcquisitionLifecycle(com.example.projects.poc.grpc.GrpcCallReplicationTest)  Time elapsed: 19.684 s  <<< FAILURE!
java.lang.AssertionError: ❌ Expected at least one SequenceStatus SSE event. Received 0 total events. expected [true] but found [false]
	at com.example.projects.poc.grpc.GrpcCallReplicationTest.validateSseEventTypes(GrpcCallReplicationTest.java:273)
	at com.example.projects.poc.grpc.GrpcCallReplicationTest.replicateAcquisitionLifecycle(GrpcCallReplicationTest.java:178)

