-------------------------------------------------------------------------------
Test set: com.example.grpc.OpalIntegrationWorkflowTest
-------------------------------------------------------------------------------
Tests run: 1, Failures: 1, Errors: 0, Skipped: 0, Time elapsed: 8.354 s <<< FAILURE! - in com.example.grpc.OpalIntegrationWorkflowTest
testDeviceStateEventIntegration(com.example.grpc.OpalIntegrationWorkflowTest)  Time elapsed: 4.526 s  <<< FAILURE!
io.grpc.StatusRuntimeException: UNAVAILABLE: io exception
	at com.example.grpc.OpalIntegrationWorkflowTest.testDeviceStateEventIntegration(OpalIntegrationWorkflowTest.java:25)
Caused by: io.grpc.netty.shaded.io.netty.channel.AbstractChannel$AnnotatedConnectException: Connection refused: getsockopt: localhost/[0:0:0:0:0:0:0:1]:50051
Caused by: java.net.ConnectException: Connection refused: getsockopt

