<?xml version="1.0" encoding="UTF-8"?>
<testng-results ignored="0" total="1" passed="1" failed="0" skipped="0">
  <reporter-output>
  </reporter-output>
  <suite started-at="2025-10-31T12:53:17 IST" name="Surefire suite" finished-at="2025-10-31T12:53:31 IST" duration-ms="13322">
    <groups>
    </groups>
    <test started-at="2025-10-31T12:53:17 IST" name="Surefire test" finished-at="2025-10-31T12:53:31 IST" duration-ms="13322">
      <class name="com.example.projects.poc.grpc.StreamSparklineDataRestTriggerTest">
        <test-method signature="testStreamSparklineDataTriggeredByRestPost()[pri:0, instance:com.example.projects.poc.grpc.StreamSparklineDataRestTriggerTest@7e0b9178]" started-at="2025-10-31T12:53:17 IST" name="testStreamSparklineDataTriggeredByRestPost" finished-at="2025-10-31T12:53:31 IST" duration-ms="13217" status="PASS">
          <reporter-output>
          </reporter-output>
        </test-method> <!-- testStreamSparklineDataTriggeredByRestPost -->
      </class> <!-- com.example.projects.poc.grpc.StreamSparklineDataRestTriggerTest -->
    </test> <!-- Surefire test -->
  </suite> <!-- Surefire suite -->
</testng-results>
