<?xml version="1.0" encoding="UTF-8"?>
<testsuite xmlns:xsi="http://www.w3.org/2001/XMLSchema-instance" xsi:noNamespaceSchemaLocation="https://maven.apache.org/surefire/maven-surefire-plugin/xsd/surefire-test-report.xsd" name="com.example.projects.poc.grpc.GrpcCallReplicationTest" time="20.629" tests="1" errors="0" skipped="0" failures="1">
  <properties>
[...]
</properties>
  <testcase name="replicateAcquisitionLifecycle" classname="com.example.projects.poc.grpc.GrpcCallReplicationTest" time="19.684">
    <failure message="❌ Expected at least one SequenceStatus SSE event. Received 0 total events. expected [true] but found [false]" type="java.lang.AssertionError">java.lang.AssertionError: ❌ Expected at least one SequenceStatus SSE event. Received 0 total events. expected [true] but found [false]
	at com.example.projects.poc.grpc.GrpcCallReplicationTest.validateSseEventTypes(GrpcCallReplicationTest.java:273)
	at com.example.projects.poc.grpc.GrpcCallReplicationTest.replicateAcquisitionLifecycle(GrpcCallReplicationTest.java:178)
</failure>
    <system-out><![CDATA[[Client] SequenceStateEvent ack | context=MethodValidationOk sample=00000000-0000-0000-0000-000000000000 | resp class=EmptyResponse
[Client] SequenceStateEvent ack | context=SequenceStart sample=00000000-0000-0000-0000-000000000000 | resp class=EmptyResponse
[Client] SequenceStateEvent ack | context=SampleStart sample=61f6b9b7-7149-49b9-be33-207b2d9da941 | resp class=EmptyResponse
[Client] SequenceStateEvent ack | context=DataFileCreate sample=61f6b9b7-7149-49b9-be33-207b2d9da941 | resp class=EmptyResponse
[Client] AcquisitionStateEvent ack | context=ReadBarcode | resp class=EmptyResponse
[Client] AcquisitionStateEvent ack | context=SendMethod | resp class=EmptyResponse
[Client] SequenceStateEvent ack | context=SampleComplete sample=61f6b9b7-7149-49b9-be33-207b2d9da941 | resp class=EmptyResponse
[Client] AcquisitionStateEvent ack | context=WaitMethodReady | resp class=EmptyResponse
[Client] AcquisitionStateEvent ack | context=WaitStartSlaves | resp class=EmptyResponse
[Client] AcquisitionStateEvent ack | context=WaitStartMaster | resp class=EmptyResponse
[Client] AcquisitionStateEvent ack | context=WaitContactClosure | resp class=EmptyResponse
[Client] DeviceStateEvent ack | context=ReadyForRun | resp class=EmptyResponse
[Client] AcquisitionStateEvent ack | context=Acquire | resp class=EmptyResponse
[Client] DeviceStateEvent ack | context=Running | resp class=EmptyResponse
[Client] DeviceStateEvent ack | context=ReadyToDownload | resp class=EmptyResponse
[Client] AcquisitionStateEvent ack | context=PostRun | resp class=EmptyResponse
[Client] SequenceStateEvent ack | context=SequenceComplete sample=00000000-0000-0000-0000-000000000000 | resp class=EmptyResponse
[Client] SequenceStateEvent ack | context=SequenceCompletedFilesMoved sample=00000000-0000-0000-0000-000000000000 | resp class=EmptyResponse
[Client] AcquisitionStateEvent ack | context=Ready | resp class=EmptyResponse
[SSE] Total events received: 0
]]></system-out>
    <system-err><![CDATA[SLF4J: Failed to load class "org.slf4j.impl.StaticLoggerBinder".
SLF4J: Defaulting to no-operation (NOP) logger implementation
SLF4J: See http://www.slf4j.org/codes.html#StaticLoggerBinder for further details.
[SSE] Error: java.net.SocketTimeoutException: timeout
]]></system-err>
  </testcase>
</testsuite>