<?xml version="1.0" encoding="UTF-8"?>
<testng-results ignored="0" total="1" passed="1" failed="0" skipped="0">
  <reporter-output>
  </reporter-output>
  <suite started-at="2025-10-14T13:04:14 IST" name="Surefire suite" finished-at="2025-10-14T13:04:18 IST" duration-ms="4403">
    <groups>
    </groups>
    <test started-at="2025-10-14T13:04:14 IST" name="Surefire test" finished-at="2025-10-14T13:04:18 IST" duration-ms="4403">
      <class name="com.exampple.grpc.GrpcCallReplicationTest">
        <test-method signature="replicateAcquisitionLifecycle()[pri:0, instance:com.exampple.grpc.GrpcCallReplicationTest@5c089b2f]" started-at="2025-10-14T13:04:14 IST" name="replicateAcquisitionLifecycle" finished-at="2025-10-14T13:04:18 IST" duration-ms="4251" status="PASS">
          <reporter-output>
          </reporter-output>
        </test-method> <!-- replicateAcquisitionLifecycle -->
      </class> <!-- com.exampple.grpc.GrpcCallReplicationTest -->
    </test> <!-- Surefire test -->
  </suite> <!-- Surefire suite -->
</testng-results>
